go build -work -x -ldflags "-linkmode external -extldflags -static" main.go
WORK=/tmp/go-build4078099085
mkdir -p $WORK/b005/
echo '# import config' > $WORK/b005/importcfg # internal
cd /opt/pkg/cgo/cgo1
/usr/local/go/pkg/tool/linux_amd64/compile -o $WORK/b005/_pkg_.a -trimpath "$WORK/b005=>" -p internal/goarch -lang=go1.23 -std -complete -buildid 3MgBQK2iRa5ZAceU7NT9/3MgBQK2iRa5ZAceU7NT9 -goversion go1.23.4 -c=4 -nolocalimports -importcfg $WORK/b005/importcfg -pack /usr/local/go/src/internal/goarch/goarch.go /usr/local/go/src/internal/goarch/goarch_amd64.go /usr/local/go/src/internal/goarch/zgoarch_amd64.go
mkdir -p $WORK/b008/
echo '# import config' > $WORK/b008/importcfg # internal
/usr/local/go/pkg/tool/linux_amd64/compile -o $WORK/b008/_pkg_.a -trimpath "$WORK/b008=>" -p internal/race -lang=go1.23 -std -complete -buildid G694wpc5FBJ1sWarf5ur/G694wpc5FBJ1sWarf5ur -goversion go1.23.4 -c=4 -nolocalimports -importcfg $WORK/b008/importcfg -pack /usr/local/go/src/internal/race/doc.go /usr/local/go/src/internal/race/norace.go
mkdir -p $WORK/b006/
echo '# import config' > $WORK/b006/importcfg # internal
/usr/local/go/pkg/tool/linux_amd64/compile -o $WORK/b006/_pkg_.a -trimpath "$WORK/b006=>" -p internal/goos -lang=go1.23 -std -complete -buildid j__LCDl4Kg4JQCRcle_I/j__LCDl4Kg4JQCRcle_I -goversion go1.23.4 -c=4 -nolocalimports -importcfg $WORK/b006/importcfg -pack /usr/local/go/src/internal/goos/goos.go /usr/local/go/src/internal/goos/unix.go /usr/local/go/src/internal/goos/zgoos_linux.go
/usr/local/go/pkg/tool/linux_amd64/buildid -w $WORK/b005/_pkg_.a # internal
cp $WORK/b005/_pkg_.a /root/.cache/go-build/c3/c3aac82e174c0ec1ca482d26cf39b9e7f6ca9d2d4ebe1f5c588a64877dd04849-d # internal
/usr/local/go/pkg/tool/linux_amd64/buildid -w $WORK/b006/_pkg_.a # internal
cp $WORK/b006/_pkg_.a /root/.cache/go-build/11/119148771ec7c313cb2c413c80858222bbda1a74ac076255e7ddcc00b8025d08-d # internal
mkdir -p $WORK/b012/
echo -n > $WORK/b012/go_asm.h # internal
cd /usr/local/go/src/internal/cpu
/usr/local/go/pkg/tool/linux_amd64/asm -p internal/cpu -trimpath "$WORK/b012=>" -I $WORK/b012/ -I /usr/local/go/pkg/include -D GOOS_linux -D GOARCH_amd64 -D GOAMD64_v1 -gensymabis -o $WORK/b012/symabis ./cpu.s ./cpu_x86.s
echo '# import config' > $WORK/b012/importcfg # internal
cd /opt/pkg/cgo/cgo1
/usr/local/go/pkg/tool/linux_amd64/compile -o $WORK/b012/_pkg_.a -trimpath "$WORK/b012=>" -p internal/cpu -lang=go1.23 -std -buildid AQgf5WluQBfcX63F5ukQ/AQgf5WluQBfcX63F5ukQ -goversion go1.23.4 -symabis $WORK/b012/symabis -c=4 -nolocalimports -importcfg $WORK/b012/importcfg -pack -asmhdr $WORK/b012/go_asm.h /usr/local/go/src/internal/cpu/cpu.go /usr/local/go/src/internal/cpu/cpu_x86.go
/usr/local/go/pkg/tool/linux_amd64/buildid -w $WORK/b008/_pkg_.a # internal
mkdir -p $WORK/b004/
mkdir -p $WORK/b010/
echo -n > $WORK/b010/go_asm.h # internal
cd /usr/local/go/src/internal/abi
/usr/local/go/pkg/tool/linux_amd64/asm -p internal/abi -trimpath "$WORK/b010=>" -I $WORK/b010/ -I /usr/local/go/pkg/include -D GOOS_linux -D GOARCH_amd64 -D GOAMD64_v1 -gensymabis -o $WORK/b010/symabis ./abi_test.s ./stub.s
cat >/tmp/go-build4078099085/b004/importcfg << 'EOF' # internal
# import config
packagefile internal/goarch=/tmp/go-build4078099085/b005/_pkg_.a
packagefile internal/goos=/tmp/go-build4078099085/b006/_pkg_.a
EOF
cd /opt/pkg/cgo/cgo1
/usr/local/go/pkg/tool/linux_amd64/compile -o $WORK/b004/_pkg_.a -trimpath "$WORK/b004=>" -p runtime/internal/sys -lang=go1.23 -std -complete -buildid Jg4Elk5nriH33uWquXdy/Jg4Elk5nriH33uWquXdy -goversion go1.23.4 -c=4 -nolocalimports -importcfg $WORK/b004/importcfg -pack /usr/local/go/src/runtime/internal/sys/consts.go /usr/local/go/src/runtime/internal/sys/consts_norace.go /usr/local/go/src/runtime/internal/sys/intrinsics.go /usr/local/go/src/runtime/internal/sys/nih.go /usr/local/go/src/runtime/internal/sys/sys.go /usr/local/go/src/runtime/internal/sys/zversion.go
cp $WORK/b008/_pkg_.a /root/.cache/go-build/00/00ab20a29b583cd41a1d944a55df6a91a5852b811a4a151c182c32a50451850c-d # internal
mkdir -p $WORK/b014/
echo '# import config' > $WORK/b014/importcfg # internal
/usr/local/go/pkg/tool/linux_amd64/compile -o $WORK/b014/_pkg_.a -trimpath "$WORK/b014=>" -p internal/byteorder -lang=go1.23 -std -complete -buildid HwvE4AVZJuviGlvjOmtp/HwvE4AVZJuviGlvjOmtp -goversion go1.23.4 -c=4 -nolocalimports -importcfg $WORK/b014/importcfg -pack /usr/local/go/src/internal/byteorder/byteorder.go
cat >/tmp/go-build4078099085/b010/importcfg << 'EOF' # internal
# import config
packagefile internal/goarch=/tmp/go-build4078099085/b005/_pkg_.a
EOF
/usr/local/go/pkg/tool/linux_amd64/compile -o $WORK/b010/_pkg_.a -trimpath "$WORK/b010=>" -p internal/abi -lang=go1.23 -std -buildid ae0FRVTzRTNJ3xaJn44V/ae0FRVTzRTNJ3xaJn44V -goversion go1.23.4 -symabis $WORK/b010/symabis -c=4 -nolocalimports -importcfg $WORK/b010/importcfg -pack -asmhdr $WORK/b010/go_asm.h /usr/local/go/src/internal/abi/abi.go /usr/local/go/src/internal/abi/abi_amd64.go /usr/local/go/src/internal/abi/compiletype.go /usr/local/go/src/internal/abi/escape.go /usr/local/go/src/internal/abi/funcpc.go /usr/local/go/src/internal/abi/iface.go /usr/local/go/src/internal/abi/map.go /usr/local/go/src/internal/abi/rangefuncconsts.go /usr/local/go/src/internal/abi/runtime.go /usr/local/go/src/internal/abi/stack.go /usr/local/go/src/internal/abi/switch.go /usr/local/go/src/internal/abi/symtab.go /usr/local/go/src/internal/abi/type.go
/usr/local/go/pkg/tool/linux_amd64/buildid -w $WORK/b004/_pkg_.a # internal
cp $WORK/b004/_pkg_.a /root/.cache/go-build/96/96c319a6c486bcb2de6185edc98334d280972ba6ee82613fe3f5b720c1ab7a23-d # internal
mkdir -p $WORK/b015/
echo '# import config' > $WORK/b015/importcfg # internal
/usr/local/go/pkg/tool/linux_amd64/compile -o $WORK/b015/_pkg_.a -trimpath "$WORK/b015=>" -p internal/coverage/rtcov -lang=go1.23 -std -complete -buildid Tj2Moiu3Dyny5r4qIJ-W/Tj2Moiu3Dyny5r4qIJ-W -goversion go1.23.4 -c=4 -nolocalimports -importcfg $WORK/b015/importcfg -pack /usr/local/go/src/internal/coverage/rtcov/rtcov.go
cd /usr/local/go/src/internal/cpu
/usr/local/go/pkg/tool/linux_amd64/asm -p internal/cpu -trimpath "$WORK/b012=>" -I $WORK/b012/ -I /usr/local/go/pkg/include -D GOOS_linux -D GOARCH_amd64 -D GOAMD64_v1 -o $WORK/b012/cpu.o ./cpu.s
/usr/local/go/pkg/tool/linux_amd64/asm -p internal/cpu -trimpath "$WORK/b012=>" -I $WORK/b012/ -I /usr/local/go/pkg/include -D GOOS_linux -D GOARCH_amd64 -D GOAMD64_v1 -o $WORK/b012/cpu_x86.o ./cpu_x86.s
/usr/local/go/pkg/tool/linux_amd64/buildid -w $WORK/b014/_pkg_.a # internal
cp $WORK/b014/_pkg_.a /root/.cache/go-build/b9/b9bfdd4ecc6902bf70bfcf41b0756d336f52bf9e18cd5d96c4ec37cc4d1560e2-d # internal
mkdir -p $WORK/b013/
echo -n > $WORK/b013/go_asm.h # internal
cd /usr/local/go/src/internal/chacha8rand
/usr/local/go/pkg/tool/linux_amd64/asm -p internal/chacha8rand -trimpath "$WORK/b013=>" -I $WORK/b013/ -I /usr/local/go/pkg/include -D GOOS_linux -D GOARCH_amd64 -D GOAMD64_v1 -gensymabis -o $WORK/b013/symabis ./chacha8_amd64.s
cd /usr/local/go/src/internal/cpu
/usr/local/go/pkg/tool/linux_amd64/pack r $WORK/b012/_pkg_.a $WORK/b012/cpu.o $WORK/b012/cpu_x86.o # internal
/usr/local/go/pkg/tool/linux_amd64/buildid -w $WORK/b012/_pkg_.a # internal
/usr/local/go/pkg/tool/linux_amd64/buildid -w $WORK/b015/_pkg_.a # internal
cp $WORK/b015/_pkg_.a /root/.cache/go-build/c0/c0e2b7395224e77e61b0bd41ff3fcff935fa6ac2d571ef79b36f915035950f3a-d # internal
mkdir -p $WORK/b016/
echo '# import config' > $WORK/b016/importcfg # internal
cd /opt/pkg/cgo/cgo1
/usr/local/go/pkg/tool/linux_amd64/compile -o $WORK/b016/_pkg_.a -trimpath "$WORK/b016=>" -p internal/godebugs -lang=go1.23 -std -complete -buildid v3SOnNZ8yQR9ndZKkQFa/v3SOnNZ8yQR9ndZKkQFa -goversion go1.23.4 -c=4 -nolocalimports -importcfg $WORK/b016/importcfg -pack /usr/local/go/src/internal/godebugs/table.go
cat >/tmp/go-build4078099085/b013/importcfg << 'EOF' # internal
# import config
packagefile internal/byteorder=/tmp/go-build4078099085/b014/_pkg_.a
packagefile internal/goarch=/tmp/go-build4078099085/b005/_pkg_.a
EOF
/usr/local/go/pkg/tool/linux_amd64/compile -o $WORK/b013/_pkg_.a -trimpath "$WORK/b013=>" -p internal/chacha8rand -lang=go1.23 -std -buildid VGWeYpFtwlir5kEpNzuV/VGWeYpFtwlir5kEpNzuV -goversion go1.23.4 -symabis $WORK/b013/symabis -c=4 -nolocalimports -importcfg $WORK/b013/importcfg -pack -asmhdr $WORK/b013/go_asm.h /usr/local/go/src/internal/chacha8rand/chacha8.go /usr/local/go/src/internal/chacha8rand/chacha8_generic.go
cp $WORK/b012/_pkg_.a /root/.cache/go-build/d6/d6d4948ddb11f43eb953f085f8cdad2b564133fd8b4c02faf24668d9ab2bf58b-d # internal
mkdir -p $WORK/b011/
echo -n > $WORK/b011/go_asm.h # internal
cd /usr/local/go/src/internal/bytealg
/usr/local/go/pkg/tool/linux_amd64/asm -p internal/bytealg -trimpath "$WORK/b011=>" -I $WORK/b011/ -I /usr/local/go/pkg/include -D GOOS_linux -D GOARCH_amd64 -D GOAMD64_v1 -gensymabis -o $WORK/b011/symabis ./compare_amd64.s ./count_amd64.s ./equal_amd64.s ./index_amd64.s ./indexbyte_amd64.s
cat >/tmp/go-build4078099085/b011/importcfg << 'EOF' # internal
# import config
packagefile internal/cpu=/tmp/go-build4078099085/b012/_pkg_.a
EOF
cd /opt/pkg/cgo/cgo1
/usr/local/go/pkg/tool/linux_amd64/compile -o $WORK/b011/_pkg_.a -trimpath "$WORK/b011=>" -p internal/bytealg -lang=go1.23 -std -buildid Y5du3Ds6tevUe7ob-aaA/Y5du3Ds6tevUe7ob-aaA -goversion go1.23.4 -symabis $WORK/b011/symabis -c=4 -nolocalimports -importcfg $WORK/b011/importcfg -pack -asmhdr $WORK/b011/go_asm.h /usr/local/go/src/internal/bytealg/bytealg.go /usr/local/go/src/internal/bytealg/compare_native.go /usr/local/go/src/internal/bytealg/count_native.go /usr/local/go/src/internal/bytealg/equal_generic.go /usr/local/go/src/internal/bytealg/equal_native.go /usr/local/go/src/internal/bytealg/index_amd64.go /usr/local/go/src/internal/bytealg/index_native.go /usr/local/go/src/internal/bytealg/indexbyte_native.go /usr/local/go/src/internal/bytealg/lastindexbyte_generic.go
/usr/local/go/pkg/tool/linux_amd64/buildid -w $WORK/b016/_pkg_.a # internal
cp $WORK/b016/_pkg_.a /root/.cache/go-build/5f/5fa6efe64372b06b3548ada30d2b51faea6d79339c3c538f5afab9c7f6e81847-d # internal
mkdir -p $WORK/b017/
echo '# import config' > $WORK/b017/importcfg # internal
/usr/local/go/pkg/tool/linux_amd64/compile -o $WORK/b017/_pkg_.a -trimpath "$WORK/b017=>" -p internal/goexperiment -lang=go1.23 -std -complete -buildid IukzLuDPjN9_b1II0JZu/IukzLuDPjN9_b1II0JZu -goversion go1.23.4 -c=4 -nolocalimports -importcfg $WORK/b017/importcfg -pack /usr/local/go/src/internal/goexperiment/exp_aliastypeparams_off.go /usr/local/go/src/internal/goexperiment/exp_arenas_off.go /usr/local/go/src/internal/goexperiment/exp_boringcrypto_off.go /usr/local/go/src/internal/goexperiment/exp_cacheprog_off.go /usr/local/go/src/internal/goexperiment/exp_cgocheck2_off.go /usr/local/go/src/internal/goexperiment/exp_coverageredesign_on.go /usr/local/go/src/internal/goexperiment/exp_fieldtrack_off.go /usr/local/go/src/internal/goexperiment/exp_heapminimum512kib_off.go /usr/local/go/src/internal/goexperiment/exp_loopvar_off.go /usr/local/go/src/internal/goexperiment/exp_newinliner_off.go /usr/local/go/src/internal/goexperiment/exp_preemptibleloops_off.go /usr/local/go/src/internal/goexperiment/exp_rangefunc_off.go /usr/local/go/src/internal/goexperiment/exp_regabiargs_on.go /usr/local/go/src/internal/goexperiment/exp_regabiwrappers_on.go /usr/local/go/src/internal/goexperiment/exp_staticlockranking_off.go /usr/local/go/src/internal/goexperiment/flags.go
cd /usr/local/go/src/internal/chacha8rand
/usr/local/go/pkg/tool/linux_amd64/asm -p internal/chacha8rand -trimpath "$WORK/b013=>" -I $WORK/b013/ -I /usr/local/go/pkg/include -D GOOS_linux -D GOARCH_amd64 -D GOAMD64_v1 -o $WORK/b013/chacha8_amd64.o ./chacha8_amd64.s
/usr/local/go/pkg/tool/linux_amd64/buildid -w $WORK/b017/_pkg_.a # internal
cp $WORK/b017/_pkg_.a /root/.cache/go-build/84/84f332f3f2885059753f1b19eade5778c6861e7513bd9b54bfd21eb85d99f062-d # internal
mkdir -p $WORK/b018/
cd /usr/local/go/src/internal/bytealg
/usr/local/go/pkg/tool/linux_amd64/asm -p internal/bytealg -trimpath "$WORK/b011=>" -I $WORK/b011/ -I /usr/local/go/pkg/include -D GOOS_linux -D GOARCH_amd64 -D GOAMD64_v1 -o $WORK/b011/compare_amd64.o ./compare_amd64.s
echo '# import config' > $WORK/b018/importcfg # internal
cd /opt/pkg/cgo/cgo1
/usr/local/go/pkg/tool/linux_amd64/compile -o $WORK/b018/_pkg_.a -trimpath "$WORK/b018=>" -p internal/profilerecord -lang=go1.23 -std -complete -buildid XcaAhLalQUr3nj4cnYkm/XcaAhLalQUr3nj4cnYkm -goversion go1.23.4 -c=4 -nolocalimports -importcfg $WORK/b018/importcfg -pack /usr/local/go/src/internal/profilerecord/profilerecord.go
cd /usr/local/go/src/internal/chacha8rand
/usr/local/go/pkg/tool/linux_amd64/pack r $WORK/b013/_pkg_.a $WORK/b013/chacha8_amd64.o # internal
/usr/local/go/pkg/tool/linux_amd64/buildid -w $WORK/b013/_pkg_.a # internal
cp $WORK/b013/_pkg_.a /root/.cache/go-build/0f/0f2de60cbe6df4a46e760817f3691c79d9d918a29b907584219cb3ec5bf813e0-d # internal
cd /usr/local/go/src/internal/bytealg
/usr/local/go/pkg/tool/linux_amd64/asm -p internal/bytealg -trimpath "$WORK/b011=>" -I $WORK/b011/ -I /usr/local/go/pkg/include -D GOOS_linux -D GOARCH_amd64 -D GOAMD64_v1 -o $WORK/b011/count_amd64.o ./count_amd64.s
mkdir -p $WORK/b019/
echo -n > $WORK/b019/go_asm.h # internal
cd /usr/local/go/src/internal/runtime/atomic
/usr/local/go/pkg/tool/linux_amd64/asm -p internal/runtime/atomic -trimpath "$WORK/b019=>" -I $WORK/b019/ -I /usr/local/go/pkg/include -D GOOS_linux -D GOARCH_amd64 -D GOAMD64_v1 -gensymabis -o $WORK/b019/symabis ./atomic_amd64.s
/usr/local/go/pkg/tool/linux_amd64/buildid -w $WORK/b018/_pkg_.a # internal
cp $WORK/b018/_pkg_.a /root/.cache/go-build/56/562f791f5bd6d1b9bb4f618e3cdfbc37b48d7f59020769ed85fb6645c8cf89ba-d # internal
mkdir -p $WORK/b021/
echo -n > $WORK/b021/go_asm.h # internal
cd /usr/local/go/src/internal/runtime/syscall
/usr/local/go/pkg/tool/linux_amd64/asm -p internal/runtime/syscall -trimpath "$WORK/b021=>" -I $WORK/b021/ -I /usr/local/go/pkg/include -D GOOS_linux -D GOARCH_amd64 -D GOAMD64_v1 -gensymabis -o $WORK/b021/symabis ./asm_linux_amd64.s
cd /usr/local/go/src/internal/bytealg
/usr/local/go/pkg/tool/linux_amd64/asm -p internal/bytealg -trimpath "$WORK/b011=>" -I $WORK/b011/ -I /usr/local/go/pkg/include -D GOOS_linux -D GOARCH_amd64 -D GOAMD64_v1 -o $WORK/b011/equal_amd64.o ./equal_amd64.s
echo '# import config' > $WORK/b019/importcfg # internal
cd /opt/pkg/cgo/cgo1
/usr/local/go/pkg/tool/linux_amd64/compile -o $WORK/b019/_pkg_.a -trimpath "$WORK/b019=>" -p internal/runtime/atomic -lang=go1.23 -std -buildid inVuizd5HKXpPPrKCH2T/inVuizd5HKXpPPrKCH2T -goversion go1.23.4 -symabis $WORK/b019/symabis -c=4 -nolocalimports -importcfg $WORK/b019/importcfg -pack -asmhdr $WORK/b019/go_asm.h /usr/local/go/src/internal/runtime/atomic/atomic_amd64.go /usr/local/go/src/internal/runtime/atomic/doc.go /usr/local/go/src/internal/runtime/atomic/stubs.go /usr/local/go/src/internal/runtime/atomic/types.go /usr/local/go/src/internal/runtime/atomic/types_64bit.go /usr/local/go/src/internal/runtime/atomic/unaligned.go
echo '# import config' > $WORK/b021/importcfg # internal
/usr/local/go/pkg/tool/linux_amd64/compile -o $WORK/b021/_pkg_.a -trimpath "$WORK/b021=>" -p internal/runtime/syscall -lang=go1.23 -std -buildid UefmHKu8Fx2vCOu_35_f/UefmHKu8Fx2vCOu_35_f -goversion go1.23.4 -symabis $WORK/b021/symabis -c=4 -nolocalimports -importcfg $WORK/b021/importcfg -pack -asmhdr $WORK/b021/go_asm.h /usr/local/go/src/internal/runtime/syscall/defs_linux.go /usr/local/go/src/internal/runtime/syscall/defs_linux_amd64.go /usr/local/go/src/internal/runtime/syscall/syscall_linux.go
cd /usr/local/go/src/internal/runtime/syscall
/usr/local/go/pkg/tool/linux_amd64/asm -p internal/runtime/syscall -trimpath "$WORK/b021=>" -I $WORK/b021/ -I /usr/local/go/pkg/include -D GOOS_linux -D GOARCH_amd64 -D GOAMD64_v1 -o $WORK/b021/asm_linux_amd64.o ./asm_linux_amd64.s
cd /usr/local/go/src/internal/bytealg
/usr/local/go/pkg/tool/linux_amd64/asm -p internal/bytealg -trimpath "$WORK/b011=>" -I $WORK/b011/ -I /usr/local/go/pkg/include -D GOOS_linux -D GOARCH_amd64 -D GOAMD64_v1 -o $WORK/b011/index_amd64.o ./index_amd64.s
/usr/local/go/pkg/tool/linux_amd64/asm -p internal/bytealg -trimpath "$WORK/b011=>" -I $WORK/b011/ -I /usr/local/go/pkg/include -D GOOS_linux -D GOARCH_amd64 -D GOAMD64_v1 -o $WORK/b011/indexbyte_amd64.o ./indexbyte_amd64.s
/usr/local/go/pkg/tool/linux_amd64/pack r $WORK/b011/_pkg_.a $WORK/b011/compare_amd64.o $WORK/b011/count_amd64.o $WORK/b011/equal_amd64.o $WORK/b011/index_amd64.o $WORK/b011/indexbyte_amd64.o # internal
/usr/local/go/pkg/tool/linux_amd64/buildid -w $WORK/b011/_pkg_.a # internal
cp $WORK/b011/_pkg_.a /root/.cache/go-build/6f/6fdba592c03b720174777f2a95bbb76e33b3c4f9f49fe0e4777e26e4789b1229-d # internal
mkdir -p $WORK/b022/
cd /usr/local/go/src/internal/runtime/syscall
/usr/local/go/pkg/tool/linux_amd64/pack r $WORK/b021/_pkg_.a $WORK/b021/asm_linux_amd64.o # internal
/usr/local/go/pkg/tool/linux_amd64/buildid -w $WORK/b021/_pkg_.a # internal
cp $WORK/b021/_pkg_.a /root/.cache/go-build/12/12aa496894c890dd0f067446683a4a3e9fec24400d95259b7eb87e15199075e5-d # internal
mkdir -p $WORK/b023/
cat >/tmp/go-build4078099085/b023/importcfg << 'EOF' # internal
# import config
packagefile internal/goarch=/tmp/go-build4078099085/b005/_pkg_.a
EOF
cd /opt/pkg/cgo/cgo1
/usr/local/go/pkg/tool/linux_amd64/compile -o $WORK/b023/_pkg_.a -trimpath "$WORK/b023=>" -p runtime/internal/math -lang=go1.23 -std -complete -buildid Y3-3cqGJisJcGA8krJ_0/Y3-3cqGJisJcGA8krJ_0 -goversion go1.23.4 -c=4 -nolocalimports -importcfg $WORK/b023/importcfg -pack /usr/local/go/src/runtime/internal/math/math.go
cd /usr/local/go/src/internal/runtime/atomic
/usr/local/go/pkg/tool/linux_amd64/asm -p internal/runtime/atomic -trimpath "$WORK/b019=>" -I $WORK/b019/ -I /usr/local/go/pkg/include -D GOOS_linux -D GOARCH_amd64 -D GOAMD64_v1 -o $WORK/b019/atomic_amd64.o ./atomic_amd64.s
cat >/tmp/go-build4078099085/b022/importcfg << 'EOF' # internal
# import config
packagefile internal/bytealg=/tmp/go-build4078099085/b011/_pkg_.a
EOF
cd /opt/pkg/cgo/cgo1
/usr/local/go/pkg/tool/linux_amd64/compile -o $WORK/b022/_pkg_.a -trimpath "$WORK/b022=>" -p internal/stringslite -lang=go1.23 -std -complete -buildid CW7pFT6rOZDX-cQy7cuX/CW7pFT6rOZDX-cQy7cuX -goversion go1.23.4 -c=4 -nolocalimports -importcfg $WORK/b022/importcfg -pack /usr/local/go/src/internal/stringslite/strings.go
/usr/local/go/pkg/tool/linux_amd64/buildid -w $WORK/b023/_pkg_.a # internal
cp $WORK/b023/_pkg_.a /root/.cache/go-build/a1/a130afd3142925a8c574246de2b3bd69f1a29c231d25018deb9eb031670c592d-d # internal
mkdir -p $WORK/b024/
echo -n > $WORK/b024/go_asm.h # internal
cd /usr/local/go/src/sync/atomic
/usr/local/go/pkg/tool/linux_amd64/asm -p sync/atomic -trimpath "$WORK/b024=>" -I $WORK/b024/ -I /usr/local/go/pkg/include -D GOOS_linux -D GOARCH_amd64 -D GOAMD64_v1 -gensymabis -o $WORK/b024/symabis ./asm.s
cd /usr/local/go/src/internal/runtime/atomic
/usr/local/go/pkg/tool/linux_amd64/pack r $WORK/b019/_pkg_.a $WORK/b019/atomic_amd64.o # internal
/usr/local/go/pkg/tool/linux_amd64/buildid -w $WORK/b019/_pkg_.a # internal
cp $WORK/b019/_pkg_.a /root/.cache/go-build/82/825c12f8fe8dea603bd364798aa93025d96963d651718529970ddca886750fd0-d # internal
mkdir -p $WORK/b020/
cat >/tmp/go-build4078099085/b020/importcfg << 'EOF' # internal
# import config
packagefile internal/runtime/atomic=/tmp/go-build4078099085/b019/_pkg_.a
EOF
cd /opt/pkg/cgo/cgo1
/usr/local/go/pkg/tool/linux_amd64/compile -o $WORK/b020/_pkg_.a -trimpath "$WORK/b020=>" -p internal/runtime/exithook -lang=go1.23 -std -complete -buildid 4lnHRU7PHTnS7TX3PSvy/4lnHRU7PHTnS7TX3PSvy -goversion go1.23.4 -c=4 -nolocalimports -importcfg $WORK/b020/importcfg -pack /usr/local/go/src/internal/runtime/exithook/hooks.go
echo '# import config' > $WORK/b024/importcfg # internal
/usr/local/go/pkg/tool/linux_amd64/compile -o $WORK/b024/_pkg_.a -trimpath "$WORK/b024=>" -p sync/atomic -lang=go1.23 -std -buildid 5tDA-qbycgLRF1v9KeZl/5tDA-qbycgLRF1v9KeZl -goversion go1.23.4 -symabis $WORK/b024/symabis -c=4 -nolocalimports -importcfg $WORK/b024/importcfg -pack -asmhdr $WORK/b024/go_asm.h /usr/local/go/src/sync/atomic/doc.go /usr/local/go/src/sync/atomic/type.go /usr/local/go/src/sync/atomic/value.go
/usr/local/go/pkg/tool/linux_amd64/buildid -w $WORK/b020/_pkg_.a # internal
/usr/local/go/pkg/tool/linux_amd64/buildid -w $WORK/b022/_pkg_.a # internal
cp $WORK/b020/_pkg_.a /root/.cache/go-build/68/688320643fcfd63b4b3a84a9c5439b242c59bc665e079c87edb37d0ec37b8dba-d # internal
mkdir -p $WORK/b028/
echo '# import config' > $WORK/b028/importcfg # internal
/usr/local/go/pkg/tool/linux_amd64/compile -o $WORK/b028/_pkg_.a -trimpath "$WORK/b028=>" -p internal/unsafeheader -lang=go1.23 -std -complete -buildid L-8oBuprcQ-6hgZJXZ4w/L-8oBuprcQ-6hgZJXZ4w -goversion go1.23.4 -c=4 -nolocalimports -importcfg $WORK/b028/importcfg -pack /usr/local/go/src/internal/unsafeheader/unsafeheader.go
cp $WORK/b022/_pkg_.a /root/.cache/go-build/e3/e3f51f40a59622c16fb5c86c1aa0c609c3ee065f06b5a371e6e34d040e518357-d # internal
mkdir -p $WORK/b029/
echo '# import config' > $WORK/b029/importcfg # internal
/usr/local/go/pkg/tool/linux_amd64/compile -o $WORK/b029/_pkg_.a -trimpath "$WORK/b029=>" -p internal/asan -lang=go1.23 -std -complete -buildid mkv8RRcJwLUjriuNv0aT/mkv8RRcJwLUjriuNv0aT -goversion go1.23.4 -c=4 -nolocalimports -importcfg $WORK/b029/importcfg -pack /usr/local/go/src/internal/asan/doc.go /usr/local/go/src/internal/asan/noasan.go
/usr/local/go/pkg/tool/linux_amd64/buildid -w $WORK/b028/_pkg_.a # internal
cp $WORK/b028/_pkg_.a /root/.cache/go-build/ce/ce33f19e9ef948807c4fc69130907ed0e362f456e01e646481598351a4609487-d # internal
mkdir -p $WORK/b030/
echo '# import config' > $WORK/b030/importcfg # internal
/usr/local/go/pkg/tool/linux_amd64/compile -o $WORK/b030/_pkg_.a -trimpath "$WORK/b030=>" -p internal/itoa -lang=go1.23 -std -complete -buildid 294gFgDoYqPqLqO8Kitl/294gFgDoYqPqLqO8Kitl -goversion go1.23.4 -c=4 -nolocalimports -importcfg $WORK/b030/importcfg -pack /usr/local/go/src/internal/itoa/itoa.go
/usr/local/go/pkg/tool/linux_amd64/buildid -w $WORK/b029/_pkg_.a # internal
cp $WORK/b029/_pkg_.a /root/.cache/go-build/28/287e49d152f9f94ed9c028be34ed3d248dac2cb3e427b8bc7cd03b151c700426-d # internal
mkdir -p $WORK/b031/
echo '# import config' > $WORK/b031/importcfg # internal
/usr/local/go/pkg/tool/linux_amd64/compile -o $WORK/b031/_pkg_.a -trimpath "$WORK/b031=>" -p internal/msan -lang=go1.23 -std -complete -buildid QQO75obx19yKvyxnQc-s/QQO75obx19yKvyxnQc-s -goversion go1.23.4 -c=4 -nolocalimports -importcfg $WORK/b031/importcfg -pack /usr/local/go/src/internal/msan/doc.go /usr/local/go/src/internal/msan/nomsan.go
cd /usr/local/go/src/sync/atomic
/usr/local/go/pkg/tool/linux_amd64/asm -p sync/atomic -trimpath "$WORK/b024=>" -I $WORK/b024/ -I /usr/local/go/pkg/include -D GOOS_linux -D GOARCH_amd64 -D GOAMD64_v1 -o $WORK/b024/asm.o ./asm.s
/usr/local/go/pkg/tool/linux_amd64/pack r $WORK/b024/_pkg_.a $WORK/b024/asm.o # internal
/usr/local/go/pkg/tool/linux_amd64/buildid -w $WORK/b024/_pkg_.a # internal
/usr/local/go/pkg/tool/linux_amd64/buildid -w $WORK/b030/_pkg_.a # internal
cp $WORK/b030/_pkg_.a /root/.cache/go-build/8d/8de07bb9a9bd66cb7e9b8859d6e3a0e52e8de50214f2064292dab909e0bcdb02-d # internal
/usr/local/go/pkg/tool/linux_amd64/buildid -w $WORK/b031/_pkg_.a # internal
cp $WORK/b031/_pkg_.a /root/.cache/go-build/9c/9c7d74dbecefa64e27af4bbe31105ececd1570d4b45407492bde9ea966bb0b1c-d # internal
cp $WORK/b024/_pkg_.a /root/.cache/go-build/f8/f8ffb6b7a42d2f5801b7dfbf931c1f0c2c84fa997e071a65297b0103f5c2d166-d # internal
cd /usr/local/go/src/internal/abi
/usr/local/go/pkg/tool/linux_amd64/asm -p internal/abi -trimpath "$WORK/b010=>" -I $WORK/b010/ -I /usr/local/go/pkg/include -D GOOS_linux -D GOARCH_amd64 -D GOAMD64_v1 -o $WORK/b010/abi_test.o ./abi_test.s
/usr/local/go/pkg/tool/linux_amd64/asm -p internal/abi -trimpath "$WORK/b010=>" -I $WORK/b010/ -I /usr/local/go/pkg/include -D GOOS_linux -D GOARCH_amd64 -D GOAMD64_v1 -o $WORK/b010/stub.o ./stub.s
/usr/local/go/pkg/tool/linux_amd64/pack r $WORK/b010/_pkg_.a $WORK/b010/abi_test.o $WORK/b010/stub.o # internal
/usr/local/go/pkg/tool/linux_amd64/buildid -w $WORK/b010/_pkg_.a # internal
cp $WORK/b010/_pkg_.a /root/.cache/go-build/f0/f07d599e18429200910972fe35804917af3f5f558797a9a3fa840924fb143831-d # internal
mkdir -p $WORK/b009/
echo -n > $WORK/b009/go_asm.h # internal
cd /usr/local/go/src/runtime
/usr/local/go/pkg/tool/linux_amd64/asm -p runtime -trimpath "$WORK/b009=>" -I $WORK/b009/ -I /usr/local/go/pkg/include -D GOOS_linux -D GOARCH_amd64 -D GOAMD64_v1 -gensymabis -o $WORK/b009/symabis ./asm.s ./asm_amd64.s ./duff_amd64.s ./memclr_amd64.s ./memmove_amd64.s ./preempt_amd64.s ./rt0_linux_amd64.s ./sys_linux_amd64.s ./test_amd64.s ./time_linux_amd64.s
cat >/tmp/go-build4078099085/b009/importcfg << 'EOF' # internal
# import config
packagefile internal/abi=/tmp/go-build4078099085/b010/_pkg_.a
packagefile internal/bytealg=/tmp/go-build4078099085/b011/_pkg_.a
packagefile internal/chacha8rand=/tmp/go-build4078099085/b013/_pkg_.a
packagefile internal/coverage/rtcov=/tmp/go-build4078099085/b015/_pkg_.a
packagefile internal/cpu=/tmp/go-build4078099085/b012/_pkg_.a
packagefile internal/goarch=/tmp/go-build4078099085/b005/_pkg_.a
packagefile internal/godebugs=/tmp/go-build4078099085/b016/_pkg_.a
packagefile internal/goexperiment=/tmp/go-build4078099085/b017/_pkg_.a
packagefile internal/goos=/tmp/go-build4078099085/b006/_pkg_.a
packagefile internal/profilerecord=/tmp/go-build4078099085/b018/_pkg_.a
packagefile internal/runtime/atomic=/tmp/go-build4078099085/b019/_pkg_.a
packagefile internal/runtime/exithook=/tmp/go-build4078099085/b020/_pkg_.a
packagefile internal/runtime/syscall=/tmp/go-build4078099085/b021/_pkg_.a
packagefile internal/stringslite=/tmp/go-build4078099085/b022/_pkg_.a
packagefile runtime/internal/math=/tmp/go-build4078099085/b023/_pkg_.a
packagefile runtime/internal/sys=/tmp/go-build4078099085/b004/_pkg_.a
EOF
cd /opt/pkg/cgo/cgo1
/usr/local/go/pkg/tool/linux_amd64/compile -o $WORK/b009/_pkg_.a -trimpath "$WORK/b009=>" -p runtime -lang=go1.23 -std -buildid zOvgeBl5RA_e8s_onoMg/zOvgeBl5RA_e8s_onoMg -goversion go1.23.4 -symabis $WORK/b009/symabis -c=4 -nolocalimports -importcfg $WORK/b009/importcfg -pack -asmhdr $WORK/b009/go_asm.h /usr/local/go/src/runtime/alg.go /usr/local/go/src/runtime/arena.go /usr/local/go/src/runtime/asan0.go /usr/local/go/src/runtime/atomic_pointer.go /usr/local/go/src/runtime/badlinkname.go /usr/local/go/src/runtime/badlinkname_linux.go /usr/local/go/src/runtime/cgo.go /usr/local/go/src/runtime/cgo_mmap.go /usr/local/go/src/runtime/cgo_sigaction.go /usr/local/go/src/runtime/cgocall.go /usr/local/go/src/runtime/cgocallback.go /usr/local/go/src/runtime/cgocheck.go /usr/local/go/src/runtime/chan.go /usr/local/go/src/runtime/checkptr.go /usr/local/go/src/runtime/compiler.go /usr/local/go/src/runtime/complex.go /usr/local/go/src/runtime/coro.go /usr/local/go/src/runtime/covercounter.go /usr/local/go/src/runtime/covermeta.go /usr/local/go/src/runtime/cpuflags.go /usr/local/go/src/runtime/cpuflags_amd64.go /usr/local/go/src/runtime/cpuprof.go /usr/local/go/src/runtime/cputicks.go /usr/local/go/src/runtime/create_file_unix.go /usr/local/go/src/runtime/debug.go /usr/local/go/src/runtime/debugcall.go /usr/local/go/src/runtime/debuglog.go /usr/local/go/src/runtime/debuglog_off.go /usr/local/go/src/runtime/defs_linux_amd64.go /usr/local/go/src/runtime/env_posix.go /usr/local/go/src/runtime/error.go /usr/local/go/src/runtime/extern.go /usr/local/go/src/runtime/fastlog2.go /usr/local/go/src/runtime/fastlog2table.go /usr/local/go/src/runtime/fds_unix.go /usr/local/go/src/runtime/float.go /usr/local/go/src/runtime/hash64.go /usr/local/go/src/runtime/heapdump.go /usr/local/go/src/runtime/histogram.go /usr/local/go/src/runtime/iface.go /usr/local/go/src/runtime/lfstack.go /usr/local/go/src/runtime/linkname.go /usr/local/go/src/runtime/linkname_unix.go /usr/local/go/src/runtime/lock_futex.go /usr/local/go/src/runtime/lockrank.go /usr/local/go/src/runtime/lockrank_off.go /usr/local/go/src/runtime/malloc.go /usr/local/go/src/runtime/map.go /usr/local/go/src/runtime/map_fast32.go /usr/local/go/src/runtime/map_fast64.go /usr/local/go/src/runtime/map_faststr.go /usr/local/go/src/runtime/mbarrier.go /usr/local/go/src/runtime/mbitmap.go /usr/local/go/src/runtime/mcache.go /usr/local/go/src/runtime/mcentral.go /usr/local/go/src/runtime/mcheckmark.go /usr/local/go/src/runtime/mem.go /usr/local/go/src/runtime/mem_linux.go /usr/local/go/src/runtime/metrics.go /usr/local/go/src/runtime/mfinal.go /usr/local/go/src/runtime/mfixalloc.go /usr/local/go/src/runtime/mgc.go /usr/local/go/src/runtime/mgclimit.go /usr/local/go/src/runtime/mgcmark.go /usr/local/go/src/runtime/mgcpacer.go /usr/local/go/src/runtime/mgcscavenge.go /usr/local/go/src/runtime/mgcstack.go /usr/local/go/src/runtime/mgcsweep.go /usr/local/go/src/runtime/mgcwork.go /usr/local/go/src/runtime/mheap.go /usr/local/go/src/runtime/minmax.go /usr/local/go/src/runtime/mpagealloc.go /usr/local/go/src/runtime/mpagealloc_64bit.go /usr/local/go/src/runtime/mpagecache.go /usr/local/go/src/runtime/mpallocbits.go /usr/local/go/src/runtime/mprof.go /usr/local/go/src/runtime/mranges.go /usr/local/go/src/runtime/msan0.go /usr/local/go/src/runtime/msize.go /usr/local/go/src/runtime/mspanset.go /usr/local/go/src/runtime/mstats.go /usr/local/go/src/runtime/mwbbuf.go /usr/local/go/src/runtime/nbpipe_pipe2.go /usr/local/go/src/runtime/netpoll.go /usr/local/go/src/runtime/netpoll_epoll.go /usr/local/go/src/runtime/nonwindows_stub.go /usr/local/go/src/runtime/os_linux.go /usr/local/go/src/runtime/os_linux_generic.go /usr/local/go/src/runtime/os_linux_noauxv.go /usr/local/go/src/runtime/os_linux_x86.go /usr/local/go/src/runtime/os_nonopenbsd.go /usr/local/go/src/runtime/os_unix.go /usr/local/go/src/runtime/panic.go /usr/local/go/src/runtime/pinner.go /usr/local/go/src/runtime/plugin.go /usr/local/go/src/runtime/preempt.go /usr/local/go/src/runtime/preempt_nonwindows.go /usr/local/go/src/runtime/print.go /usr/local/go/src/runtime/proc.go /usr/local/go/src/runtime/profbuf.go /usr/local/go/src/runtime/proflabel.go /usr/local/go/src/runtime/race0.go /usr/local/go/src/runtime/rand.go /usr/local/go/src/runtime/rdebug.go /usr/local/go/src/runtime/retry.go /usr/local/go/src/runtime/runtime.go /usr/local/go/src/runtime/runtime1.go /usr/local/go/src/runtime/runtime2.go /usr/local/go/src/runtime/runtime_boring.go /usr/local/go/src/runtime/rwmutex.go /usr/local/go/src/runtime/security_linux.go /usr/local/go/src/runtime/security_unix.go /usr/local/go/src/runtime/select.go /usr/local/go/src/runtime/sema.go /usr/local/go/src/runtime/signal_amd64.go /usr/local/go/src/runtime/signal_linux_amd64.go /usr/local/go/src/runtime/signal_unix.go /usr/local/go/src/runtime/sigqueue.go /usr/local/go/src/runtime/sigqueue_note.go /usr/local/go/src/runtime/sigtab_linux_generic.go /usr/local/go/src/runtime/sizeclasses.go /usr/local/go/src/runtime/slice.go /usr/local/go/src/runtime/softfloat64.go /usr/local/go/src/runtime/stack.go /usr/local/go/src/runtime/stkframe.go /usr/local/go/src/runtime/string.go /usr/local/go/src/runtime/stubs.go /usr/local/go/src/runtime/stubs2.go /usr/local/go/src/runtime/stubs3.go /usr/local/go/src/runtime/stubs_amd64.go /usr/local/go/src/runtime/stubs_linux.go /usr/local/go/src/runtime/symtab.go /usr/local/go/src/runtime/symtabinl.go /usr/local/go/src/runtime/sys_nonppc64x.go /usr/local/go/src/runtime/sys_x86.go /usr/local/go/src/runtime/tagptr.go /usr/local/go/src/runtime/tagptr_64bit.go /usr/local/go/src/runtime/test_amd64.go /usr/local/go/src/runtime/time.go /usr/local/go/src/runtime/time_nofake.go /usr/local/go/src/runtime/timeasm.go /usr/local/go/src/runtime/tls_stub.go /usr/local/go/src/runtime/trace.go /usr/local/go/src/runtime/traceallocfree.go /usr/local/go/src/runtime/traceback.go /usr/local/go/src/runtime/tracebuf.go /usr/local/go/src/runtime/tracecpu.go /usr/local/go/src/runtime/traceevent.go /usr/local/go/src/runtime/traceexp.go /usr/local/go/src/runtime/tracemap.go /usr/local/go/src/runtime/traceregion.go /usr/local/go/src/runtime/traceruntime.go /usr/local/go/src/runtime/tracestack.go /usr/local/go/src/runtime/tracestatus.go /usr/local/go/src/runtime/tracestring.go /usr/local/go/src/runtime/tracetime.go /usr/local/go/src/runtime/tracetype.go /usr/local/go/src/runtime/type.go /usr/local/go/src/runtime/typekind.go /usr/local/go/src/runtime/unsafe.go /usr/local/go/src/runtime/utf8.go /usr/local/go/src/runtime/vdso_elf64.go /usr/local/go/src/runtime/vdso_linux.go /usr/local/go/src/runtime/vdso_linux_amd64.go /usr/local/go/src/runtime/write_err.go
cp /usr/local/go/src/runtime/asm_amd64.h $WORK/b009/asm_GOARCH.h
cd /usr/local/go/src/runtime
/usr/local/go/pkg/tool/linux_amd64/asm -p runtime -trimpath "$WORK/b009=>" -I $WORK/b009/ -I /usr/local/go/pkg/include -D GOOS_linux -D GOARCH_amd64 -D GOAMD64_v1 -o $WORK/b009/asm.o ./asm.s
/usr/local/go/pkg/tool/linux_amd64/asm -p runtime -trimpath "$WORK/b009=>" -I $WORK/b009/ -I /usr/local/go/pkg/include -D GOOS_linux -D GOARCH_amd64 -D GOAMD64_v1 -o $WORK/b009/asm_amd64.o ./asm_amd64.s
/usr/local/go/pkg/tool/linux_amd64/asm -p runtime -trimpath "$WORK/b009=>" -I $WORK/b009/ -I /usr/local/go/pkg/include -D GOOS_linux -D GOARCH_amd64 -D GOAMD64_v1 -o $WORK/b009/duff_amd64.o ./duff_amd64.s
/usr/local/go/pkg/tool/linux_amd64/asm -p runtime -trimpath "$WORK/b009=>" -I $WORK/b009/ -I /usr/local/go/pkg/include -D GOOS_linux -D GOARCH_amd64 -D GOAMD64_v1 -o $WORK/b009/memclr_amd64.o ./memclr_amd64.s
/usr/local/go/pkg/tool/linux_amd64/asm -p runtime -trimpath "$WORK/b009=>" -I $WORK/b009/ -I /usr/local/go/pkg/include -D GOOS_linux -D GOARCH_amd64 -D GOAMD64_v1 -o $WORK/b009/memmove_amd64.o ./memmove_amd64.s
/usr/local/go/pkg/tool/linux_amd64/asm -p runtime -trimpath "$WORK/b009=>" -I $WORK/b009/ -I /usr/local/go/pkg/include -D GOOS_linux -D GOARCH_amd64 -D GOAMD64_v1 -o $WORK/b009/preempt_amd64.o ./preempt_amd64.s
/usr/local/go/pkg/tool/linux_amd64/asm -p runtime -trimpath "$WORK/b009=>" -I $WORK/b009/ -I /usr/local/go/pkg/include -D GOOS_linux -D GOARCH_amd64 -D GOAMD64_v1 -o $WORK/b009/rt0_linux_amd64.o ./rt0_linux_amd64.s
/usr/local/go/pkg/tool/linux_amd64/asm -p runtime -trimpath "$WORK/b009=>" -I $WORK/b009/ -I /usr/local/go/pkg/include -D GOOS_linux -D GOARCH_amd64 -D GOAMD64_v1 -o $WORK/b009/sys_linux_amd64.o ./sys_linux_amd64.s
/usr/local/go/pkg/tool/linux_amd64/asm -p runtime -trimpath "$WORK/b009=>" -I $WORK/b009/ -I /usr/local/go/pkg/include -D GOOS_linux -D GOARCH_amd64 -D GOAMD64_v1 -o $WORK/b009/test_amd64.o ./test_amd64.s
/usr/local/go/pkg/tool/linux_amd64/asm -p runtime -trimpath "$WORK/b009=>" -I $WORK/b009/ -I /usr/local/go/pkg/include -D GOOS_linux -D GOARCH_amd64 -D GOAMD64_v1 -o $WORK/b009/time_linux_amd64.o ./time_linux_amd64.s
/usr/local/go/pkg/tool/linux_amd64/pack r $WORK/b009/_pkg_.a $WORK/b009/asm.o $WORK/b009/asm_amd64.o $WORK/b009/duff_amd64.o $WORK/b009/memclr_amd64.o $WORK/b009/memmove_amd64.o $WORK/b009/preempt_amd64.o $WORK/b009/rt0_linux_amd64.o $WORK/b009/sys_linux_amd64.o $WORK/b009/test_amd64.o $WORK/b009/time_linux_amd64.o # internal
/usr/local/go/pkg/tool/linux_amd64/buildid -w $WORK/b009/_pkg_.a # internal
cp $WORK/b009/_pkg_.a /root/.cache/go-build/95/959433390cb5fe5c55748d36f5af5c8924e88d37aa2cf04bdba64f570882c560-d # internal
mkdir -p $WORK/b027/
mkdir -p $WORK/b007/
echo -n > $WORK/b027/go_asm.h # internal
cat >/tmp/go-build4078099085/b007/importcfg << 'EOF' # internal
# import config
packagefile internal/race=/tmp/go-build4078099085/b008/_pkg_.a
packagefile runtime=/tmp/go-build4078099085/b009/_pkg_.a
packagefile sync/atomic=/tmp/go-build4078099085/b024/_pkg_.a
EOF
cd /usr/local/go/src/internal/reflectlite
/usr/local/go/pkg/tool/linux_amd64/asm -p internal/reflectlite -trimpath "$WORK/b027=>" -I $WORK/b027/ -I /usr/local/go/pkg/include -D GOOS_linux -D GOARCH_amd64 -D GOAMD64_v1 -gensymabis -o $WORK/b027/symabis ./asm.s
cd /opt/pkg/cgo/cgo1
/usr/local/go/pkg/tool/linux_amd64/compile -o $WORK/b007/_pkg_.a -trimpath "$WORK/b007=>" -p sync -lang=go1.23 -std -buildid p_zfzLZ0UAaQnUTPFi5K/p_zfzLZ0UAaQnUTPFi5K -goversion go1.23.4 -c=4 -nolocalimports -importcfg $WORK/b007/importcfg -pack /usr/local/go/src/sync/cond.go /usr/local/go/src/sync/map.go /usr/local/go/src/sync/mutex.go /usr/local/go/src/sync/once.go /usr/local/go/src/sync/oncefunc.go /usr/local/go/src/sync/pool.go /usr/local/go/src/sync/poolqueue.go /usr/local/go/src/sync/runtime.go /usr/local/go/src/sync/runtime2.go /usr/local/go/src/sync/rwmutex.go /usr/local/go/src/sync/waitgroup.go
cat >/tmp/go-build4078099085/b027/importcfg << 'EOF' # internal
# import config
packagefile internal/abi=/tmp/go-build4078099085/b010/_pkg_.a
packagefile internal/goarch=/tmp/go-build4078099085/b005/_pkg_.a
packagefile internal/unsafeheader=/tmp/go-build4078099085/b028/_pkg_.a
packagefile runtime=/tmp/go-build4078099085/b009/_pkg_.a
EOF
/usr/local/go/pkg/tool/linux_amd64/compile -o $WORK/b027/_pkg_.a -trimpath "$WORK/b027=>" -p internal/reflectlite -lang=go1.23 -std -buildid _o7bLm55fZXn5W-evGZ8/_o7bLm55fZXn5W-evGZ8 -goversion go1.23.4 -symabis $WORK/b027/symabis -c=4 -nolocalimports -importcfg $WORK/b027/importcfg -pack -asmhdr $WORK/b027/go_asm.h /usr/local/go/src/internal/reflectlite/swapper.go /usr/local/go/src/internal/reflectlite/type.go /usr/local/go/src/internal/reflectlite/value.go
/usr/local/go/pkg/tool/linux_amd64/buildid -w $WORK/b007/_pkg_.a # internal
cp $WORK/b007/_pkg_.a /root/.cache/go-build/b1/b14da8d4e31a10bced3bbd48d0a6c7167b2413662c97f5921c053d913c759a4d-d # internal
mkdir -p $WORK/b003/
cd /usr/local/go/src/runtime/cgo
TERM='dumb' CGO_LDFLAGS='' /usr/local/go/pkg/tool/linux_amd64/cgo -objdir $WORK/b003/ -importpath runtime/cgo -import_runtime_cgo=false -import_syscall=false "-ldflags=\"-O2\" \"-g\" \"-lpthread\"" -- -I $WORK/b003/ -O2 -g -Wall -Werror -fno-stack-protector ./cgo.go
cd /usr/local/go/src/internal/reflectlite
/usr/local/go/pkg/tool/linux_amd64/asm -p internal/reflectlite -trimpath "$WORK/b027=>" -I $WORK/b027/ -I /usr/local/go/pkg/include -D GOOS_linux -D GOARCH_amd64 -D GOAMD64_v1 -o $WORK/b027/asm.o ./asm.s
/usr/local/go/pkg/tool/linux_amd64/pack r $WORK/b027/_pkg_.a $WORK/b027/asm.o # internal
/usr/local/go/pkg/tool/linux_amd64/buildid -w $WORK/b027/_pkg_.a # internal
cd $WORK
gcc -fno-caret-diagnostics -O2 -g -c -x c - -o /dev/null || true
cp $WORK/b027/_pkg_.a /root/.cache/go-build/1e/1e259862d9faf5cdd4dced53b20d8778c3be6ae68dafcf3186f4ab01164fed92-d # internal
gcc -Qunused-arguments -O2 -g -c -x c - -o /dev/null || true
gcc -Wl,--no-gc-sections -O2 -g -x c - -o /dev/null || true
mkdir -p $WORK/b026/
cat >/tmp/go-build4078099085/b026/importcfg << 'EOF' # internal
# import config
packagefile internal/reflectlite=/tmp/go-build4078099085/b027/_pkg_.a
EOF
cd /opt/pkg/cgo/cgo1
/usr/local/go/pkg/tool/linux_amd64/compile -o $WORK/b026/_pkg_.a -trimpath "$WORK/b026=>" -p errors -lang=go1.23 -std -complete -buildid UETQRq8fuSLeAK3yx_nx/UETQRq8fuSLeAK3yx_nx -goversion go1.23.4 -c=4 -nolocalimports -importcfg $WORK/b026/importcfg -pack /usr/local/go/src/errors/errors.go /usr/local/go/src/errors/join.go /usr/local/go/src/errors/wrap.go
cd $WORK
gcc -fdebug-prefix-map=a=b -O2 -g -c -x c - -o /dev/null || true
/usr/local/go/pkg/tool/linux_amd64/buildid -w $WORK/b026/_pkg_.a # internal
gcc -ffile-prefix-map=a=b -O2 -g -c -x c - -o /dev/null || true
cp $WORK/b026/_pkg_.a /root/.cache/go-build/70/70fcbad2e2271dfb20d17e611f2605660549b5b8d3014b450b1fccde11fab4da-d # internal
gcc -gno-record-gcc-switches -O2 -g -c -x c - -o /dev/null || true
mkdir -p $WORK/b032/
gcc -I /usr/local/go/src/runtime/cgo -fPIC -m64 -pthread -Wl,--no-gc-sections -fmessage-length=0 -ffile-prefix-map=$WORK/b003=/tmp/go-build -gno-record-gcc-switches -frandom-seed=1 -O2 -g -c -x c - -o /dev/null || true
cat >/tmp/go-build4078099085/b032/importcfg << 'EOF' # internal
# import config
packagefile errors=/tmp/go-build4078099085/b026/_pkg_.a
EOF
cd /opt/pkg/cgo/cgo1
/usr/local/go/pkg/tool/linux_amd64/compile -o $WORK/b032/_pkg_.a -trimpath "$WORK/b032=>" -p internal/oserror -lang=go1.23 -std -complete -buildid fES-6gIPAJUE3alffrxy/fES-6gIPAJUE3alffrxy -goversion go1.23.4 -c=4 -nolocalimports -importcfg $WORK/b032/importcfg -pack /usr/local/go/src/internal/oserror/errors.go
/usr/local/go/pkg/tool/linux_amd64/buildid -w $WORK/b032/_pkg_.a # internal
cd $WORK/b003
TERM='dumb' gcc -I /usr/local/go/src/runtime/cgo -fPIC -m64 -pthread -Wl,--no-gc-sections -fmessage-length=0 -ffile-prefix-map=$WORK/b003=/tmp/go-build -gno-record-gcc-switches -I $WORK/b003/ -O2 -g -Wall -Werror -fno-stack-protector -ffile-prefix-map=/usr/local/go=/_/GOROOT -frandom-seed=kS30_sM717nZaYfEHmk_ -o $WORK/b003/_x001.o -c _cgo_export.c
cp $WORK/b032/_pkg_.a /root/.cache/go-build/fb/fba833287d64267475a8383209b9dacc48993fba3e9fdad9b91eb20042a91ffa-d # internal
mkdir -p $WORK/b025/
echo -n > $WORK/b025/go_asm.h # internal
cd /usr/local/go/src/syscall
/usr/local/go/pkg/tool/linux_amd64/asm -p syscall -trimpath "$WORK/b025=>" -I $WORK/b025/ -I /usr/local/go/pkg/include -D GOOS_linux -D GOARCH_amd64 -D GOAMD64_v1 -gensymabis -o $WORK/b025/symabis ./asm_linux_amd64.s
cat >/tmp/go-build4078099085/b025/importcfg << 'EOF' # internal
# import config
packagefile errors=/tmp/go-build4078099085/b026/_pkg_.a
packagefile internal/asan=/tmp/go-build4078099085/b029/_pkg_.a
packagefile internal/bytealg=/tmp/go-build4078099085/b011/_pkg_.a
packagefile internal/byteorder=/tmp/go-build4078099085/b014/_pkg_.a
packagefile internal/goarch=/tmp/go-build4078099085/b005/_pkg_.a
packagefile internal/itoa=/tmp/go-build4078099085/b030/_pkg_.a
packagefile internal/msan=/tmp/go-build4078099085/b031/_pkg_.a
packagefile internal/oserror=/tmp/go-build4078099085/b032/_pkg_.a
packagefile internal/race=/tmp/go-build4078099085/b008/_pkg_.a
packagefile internal/runtime/syscall=/tmp/go-build4078099085/b021/_pkg_.a
packagefile runtime=/tmp/go-build4078099085/b009/_pkg_.a
packagefile sync=/tmp/go-build4078099085/b007/_pkg_.a
packagefile sync/atomic=/tmp/go-build4078099085/b024/_pkg_.a
EOF
cd /opt/pkg/cgo/cgo1
/usr/local/go/pkg/tool/linux_amd64/compile -o $WORK/b025/_pkg_.a -trimpath "$WORK/b025=>" -p syscall -lang=go1.23 -std -buildid SkfDM2ido4xgsGGVpBE7/SkfDM2ido4xgsGGVpBE7 -goversion go1.23.4 -symabis $WORK/b025/symabis -c=4 -nolocalimports -importcfg $WORK/b025/importcfg -pack -asmhdr $WORK/b025/go_asm.h /usr/local/go/src/syscall/badlinkname_unix.go /usr/local/go/src/syscall/dirent.go /usr/local/go/src/syscall/env_unix.go /usr/local/go/src/syscall/exec_linux.go /usr/local/go/src/syscall/exec_unix.go /usr/local/go/src/syscall/flock_linux.go /usr/local/go/src/syscall/forkpipe2.go /usr/local/go/src/syscall/linkname_unix.go /usr/local/go/src/syscall/lsf_linux.go /usr/local/go/src/syscall/net.go /usr/local/go/src/syscall/netlink_linux.go /usr/local/go/src/syscall/rlimit.go /usr/local/go/src/syscall/rlimit_stub.go /usr/local/go/src/syscall/setuidgid_linux.go /usr/local/go/src/syscall/sockcmsg_linux.go /usr/local/go/src/syscall/sockcmsg_unix.go /usr/local/go/src/syscall/sockcmsg_unix_other.go /usr/local/go/src/syscall/syscall.go /usr/local/go/src/syscall/syscall_linux.go /usr/local/go/src/syscall/syscall_linux_accept4.go /usr/local/go/src/syscall/syscall_linux_amd64.go /usr/local/go/src/syscall/syscall_unix.go /usr/local/go/src/syscall/time_nofake.go /usr/local/go/src/syscall/timestruct.go /usr/local/go/src/syscall/zerrors_linux_amd64.go /usr/local/go/src/syscall/zsyscall_linux_amd64.go /usr/local/go/src/syscall/zsysnum_linux_amd64.go /usr/local/go/src/syscall/ztypes_linux_amd64.go
cd $WORK/b003
TERM='dumb' gcc -I /usr/local/go/src/runtime/cgo -fPIC -m64 -pthread -Wl,--no-gc-sections -fmessage-length=0 -ffile-prefix-map=$WORK/b003=/tmp/go-build -gno-record-gcc-switches -I $WORK/b003/ -O2 -g -Wall -Werror -fno-stack-protector -ffile-prefix-map=/usr/local/go=/_/GOROOT -frandom-seed=kS30_sM717nZaYfEHmk_ -o $WORK/b003/_x002.o -c cgo.cgo2.c
cd /usr/local/go/src/runtime/cgo
TERM='dumb' gcc -I . -fPIC -m64 -pthread -Wl,--no-gc-sections -fmessage-length=0 -ffile-prefix-map=$WORK/b003=/tmp/go-build -gno-record-gcc-switches -I $WORK/b003/ -O2 -g -Wall -Werror -fno-stack-protector -ffile-prefix-map=/usr/local/go=/_/GOROOT -frandom-seed=kS30_sM717nZaYfEHmk_ -o $WORK/b003/_x003.o -c gcc_context.c
TERM='dumb' gcc -I . -fPIC -m64 -pthread -Wl,--no-gc-sections -fmessage-length=0 -ffile-prefix-map=$WORK/b003=/tmp/go-build -gno-record-gcc-switches -I $WORK/b003/ -O2 -g -Wall -Werror -fno-stack-protector -ffile-prefix-map=/usr/local/go=/_/GOROOT -frandom-seed=kS30_sM717nZaYfEHmk_ -o $WORK/b003/_x004.o -c gcc_fatalf.c
TERM='dumb' gcc -I . -fPIC -m64 -pthread -Wl,--no-gc-sections -fmessage-length=0 -ffile-prefix-map=$WORK/b003=/tmp/go-build -gno-record-gcc-switches -I $WORK/b003/ -O2 -g -Wall -Werror -fno-stack-protector -ffile-prefix-map=/usr/local/go=/_/GOROOT -frandom-seed=kS30_sM717nZaYfEHmk_ -o $WORK/b003/_x005.o -c gcc_libinit.c
TERM='dumb' gcc -I . -fPIC -m64 -pthread -Wl,--no-gc-sections -fmessage-length=0 -ffile-prefix-map=$WORK/b003=/tmp/go-build -gno-record-gcc-switches -I $WORK/b003/ -O2 -g -Wall -Werror -fno-stack-protector -ffile-prefix-map=/usr/local/go=/_/GOROOT -frandom-seed=kS30_sM717nZaYfEHmk_ -o $WORK/b003/_x006.o -c gcc_linux_amd64.c
TERM='dumb' gcc -I . -fPIC -m64 -pthread -Wl,--no-gc-sections -fmessage-length=0 -ffile-prefix-map=$WORK/b003=/tmp/go-build -gno-record-gcc-switches -I $WORK/b003/ -O2 -g -Wall -Werror -fno-stack-protector -ffile-prefix-map=/usr/local/go=/_/GOROOT -frandom-seed=kS30_sM717nZaYfEHmk_ -o $WORK/b003/_x007.o -c gcc_mmap.c
TERM='dumb' gcc -I . -fPIC -m64 -pthread -Wl,--no-gc-sections -fmessage-length=0 -ffile-prefix-map=$WORK/b003=/tmp/go-build -gno-record-gcc-switches -I $WORK/b003/ -O2 -g -Wall -Werror -fno-stack-protector -ffile-prefix-map=/usr/local/go=/_/GOROOT -frandom-seed=kS30_sM717nZaYfEHmk_ -o $WORK/b003/_x008.o -c gcc_setenv.c
TERM='dumb' gcc -I . -fPIC -m64 -pthread -Wl,--no-gc-sections -fmessage-length=0 -ffile-prefix-map=$WORK/b003=/tmp/go-build -gno-record-gcc-switches -I $WORK/b003/ -O2 -g -Wall -Werror -fno-stack-protector -ffile-prefix-map=/usr/local/go=/_/GOROOT -frandom-seed=kS30_sM717nZaYfEHmk_ -o $WORK/b003/_x009.o -c gcc_sigaction.c
cd /usr/local/go/src/syscall
/usr/local/go/pkg/tool/linux_amd64/asm -p syscall -trimpath "$WORK/b025=>" -I $WORK/b025/ -I /usr/local/go/pkg/include -D GOOS_linux -D GOARCH_amd64 -D GOAMD64_v1 -o $WORK/b025/asm_linux_amd64.o ./asm_linux_amd64.s
cd /usr/local/go/src/runtime/cgo
TERM='dumb' gcc -I . -fPIC -m64 -pthread -Wl,--no-gc-sections -fmessage-length=0 -ffile-prefix-map=$WORK/b003=/tmp/go-build -gno-record-gcc-switches -I $WORK/b003/ -O2 -g -Wall -Werror -fno-stack-protector -ffile-prefix-map=/usr/local/go=/_/GOROOT -frandom-seed=kS30_sM717nZaYfEHmk_ -o $WORK/b003/_x010.o -c gcc_stack_unix.c
cd /usr/local/go/src/syscall
/usr/local/go/pkg/tool/linux_amd64/pack r $WORK/b025/_pkg_.a $WORK/b025/asm_linux_amd64.o # internal
/usr/local/go/pkg/tool/linux_amd64/buildid -w $WORK/b025/_pkg_.a # internal
cd /usr/local/go/src/runtime/cgo
TERM='dumb' gcc -I . -fPIC -m64 -pthread -Wl,--no-gc-sections -fmessage-length=0 -ffile-prefix-map=$WORK/b003=/tmp/go-build -gno-record-gcc-switches -I $WORK/b003/ -O2 -g -Wall -Werror -fno-stack-protector -ffile-prefix-map=/usr/local/go=/_/GOROOT -frandom-seed=kS30_sM717nZaYfEHmk_ -o $WORK/b003/_x011.o -c gcc_traceback.c
cp $WORK/b025/_pkg_.a /root/.cache/go-build/d6/d6331aa0a182ca57abfc01c11e947be11402a075a46f4be1e846f2071ba48921-d # internal
TERM='dumb' gcc -I . -fPIC -m64 -pthread -Wl,--no-gc-sections -fmessage-length=0 -ffile-prefix-map=$WORK/b003=/tmp/go-build -gno-record-gcc-switches -I $WORK/b003/ -O2 -g -Wall -Werror -fno-stack-protector -ffile-prefix-map=/usr/local/go=/_/GOROOT -frandom-seed=kS30_sM717nZaYfEHmk_ -o $WORK/b003/_x012.o -c gcc_util.c
TERM='dumb' gcc -I . -fPIC -m64 -pthread -Wl,--no-gc-sections -fmessage-length=0 -ffile-prefix-map=$WORK/b003=/tmp/go-build -gno-record-gcc-switches -I $WORK/b003/ -O2 -g -Wall -Werror -fno-stack-protector -ffile-prefix-map=/usr/local/go=/_/GOROOT -frandom-seed=kS30_sM717nZaYfEHmk_ -o $WORK/b003/_x013.o -c linux_syscall.c
TERM='dumb' gcc -I . -fPIC -m64 -pthread -Wl,--no-gc-sections -fmessage-length=0 -ffile-prefix-map=$WORK/b003=/tmp/go-build -gno-record-gcc-switches -I $WORK/b003/ -O2 -g -Wall -Werror -fno-stack-protector -ffile-prefix-map=/usr/local/go=/_/GOROOT -frandom-seed=kS30_sM717nZaYfEHmk_ -o $WORK/b003/_x014.o -c gcc_amd64.S
cd $WORK/b003
TERM='dumb' gcc -I /usr/local/go/src/runtime/cgo -fPIC -m64 -pthread -Wl,--no-gc-sections -fmessage-length=0 -ffile-prefix-map=$WORK/b003=/tmp/go-build -gno-record-gcc-switches -I $WORK/b003/ -O2 -g -Wall -Werror -fno-stack-protector -ffile-prefix-map=/usr/local/go=/_/GOROOT -frandom-seed=kS30_sM717nZaYfEHmk_ -o $WORK/b003/_cgo_main.o -c _cgo_main.c
cd /opt/pkg/cgo/cgo1
TERM='dumb' gcc -I /usr/local/go/src/runtime/cgo -fPIC -m64 -pthread -Wl,--no-gc-sections -fmessage-length=0 -ffile-prefix-map=$WORK/b003=/tmp/go-build -gno-record-gcc-switches -o $WORK/b003/_cgo_.o $WORK/b003/_cgo_main.o $WORK/b003/_x001.o $WORK/b003/_x002.o $WORK/b003/_x003.o $WORK/b003/_x004.o $WORK/b003/_x005.o $WORK/b003/_x006.o $WORK/b003/_x007.o $WORK/b003/_x008.o $WORK/b003/_x009.o $WORK/b003/_x010.o $WORK/b003/_x011.o $WORK/b003/_x012.o $WORK/b003/_x013.o $WORK/b003/_x014.o -O2 -g -lpthread
TERM='dumb' /usr/local/go/pkg/tool/linux_amd64/cgo -dynpackage cgo -dynimport $WORK/b003/_cgo_.o -dynout $WORK/b003/_cgo_import.go -dynlinker
echo -n > $WORK/b003/go_asm.h # internal
cd /usr/local/go/src/runtime/cgo
/usr/local/go/pkg/tool/linux_amd64/asm -p runtime/cgo -trimpath "$WORK/b003=>" -I $WORK/b003/ -I /usr/local/go/pkg/include -D GOOS_linux -D GOARCH_amd64 -D GOAMD64_v1 -gensymabis -o $WORK/b003/symabis ./asm_amd64.s
cat >/tmp/go-build4078099085/b003/importcfg << 'EOF' # internal
# import config
packagefile runtime/internal/sys=/tmp/go-build4078099085/b004/_pkg_.a
packagefile sync=/tmp/go-build4078099085/b007/_pkg_.a
packagefile sync/atomic=/tmp/go-build4078099085/b024/_pkg_.a
EOF
cd /opt/pkg/cgo/cgo1
/usr/local/go/pkg/tool/linux_amd64/compile -o $WORK/b003/_pkg_.a -trimpath "$WORK/b003=>" -p runtime/cgo -lang=go1.23 -std -buildid kS30_sM717nZaYfEHmk_/kS30_sM717nZaYfEHmk_ -goversion go1.23.4 -symabis $WORK/b003/symabis -c=4 -nolocalimports -importcfg $WORK/b003/importcfg -pack -asmhdr $WORK/b003/go_asm.h /usr/local/go/src/runtime/cgo/callbacks.go /usr/local/go/src/runtime/cgo/callbacks_traceback.go /usr/local/go/src/runtime/cgo/handle.go /usr/local/go/src/runtime/cgo/iscgo.go /usr/local/go/src/runtime/cgo/linux.go /usr/local/go/src/runtime/cgo/mmap.go /usr/local/go/src/runtime/cgo/setenv.go /usr/local/go/src/runtime/cgo/sigaction.go $WORK/b003/_cgo_gotypes.go $WORK/b003/cgo.cgo1.go $WORK/b003/_cgo_import.go
cp /usr/local/go/src/runtime/cgo/abi_amd64.h $WORK/b003/abi_GOARCH.h
cd /usr/local/go/src/runtime/cgo
/usr/local/go/pkg/tool/linux_amd64/asm -p runtime/cgo -trimpath "$WORK/b003=>" -I $WORK/b003/ -I /usr/local/go/pkg/include -D GOOS_linux -D GOARCH_amd64 -D GOAMD64_v1 -o $WORK/b003/asm_amd64.o ./asm_amd64.s
/usr/local/go/pkg/tool/linux_amd64/pack r $WORK/b003/_pkg_.a $WORK/b003/asm_amd64.o $WORK/b003/_x001.o $WORK/b003/_x002.o $WORK/b003/_x003.o $WORK/b003/_x004.o $WORK/b003/_x005.o $WORK/b003/_x006.o $WORK/b003/_x007.o $WORK/b003/_x008.o $WORK/b003/_x009.o $WORK/b003/_x010.o $WORK/b003/_x011.o $WORK/b003/_x012.o $WORK/b003/_x013.o $WORK/b003/_x014.o # internal
/usr/local/go/pkg/tool/linux_amd64/buildid -w $WORK/b003/_pkg_.a # internal
cp $WORK/b003/_pkg_.a /root/.cache/go-build/3d/3d914e3a68505de4bc08a5c8c44ca2b4342495c1da8b87c76bf86b5e29569940-d # internal
mkdir -p $WORK/b001/
cd /opt/pkg/cgo/cgo1
TERM='dumb' CGO_LDFLAGS='' /usr/local/go/pkg/tool/linux_amd64/cgo -objdir $WORK/b001/ -importpath command-line-arguments "-ldflags=\"-O2\" \"-g\"" -- -I $WORK/b001/ -O2 -g ./main.go
cd $WORK/b001
TERM='dumb' gcc -I /opt/pkg/cgo/cgo1 -fPIC -m64 -pthread -Wl,--no-gc-sections -fmessage-length=0 -ffile-prefix-map=$WORK/b001=/tmp/go-build -gno-record-gcc-switches -I $WORK/b001/ -O2 -g -frandom-seed=Ai35ZsHu-kp_ocNUF6HT -o $WORK/b001/_x001.o -c _cgo_export.c
TERM='dumb' gcc -I /opt/pkg/cgo/cgo1 -fPIC -m64 -pthread -Wl,--no-gc-sections -fmessage-length=0 -ffile-prefix-map=$WORK/b001=/tmp/go-build -gno-record-gcc-switches -I $WORK/b001/ -O2 -g -frandom-seed=Ai35ZsHu-kp_ocNUF6HT -o $WORK/b001/_x002.o -c main.cgo2.c
TERM='dumb' gcc -I /opt/pkg/cgo/cgo1 -fPIC -m64 -pthread -Wl,--no-gc-sections -fmessage-length=0 -ffile-prefix-map=$WORK/b001=/tmp/go-build -gno-record-gcc-switches -I $WORK/b001/ -O2 -g -frandom-seed=Ai35ZsHu-kp_ocNUF6HT -o $WORK/b001/_cgo_main.o -c _cgo_main.c
cd /opt/pkg/cgo/cgo1
TERM='dumb' gcc -I . -fPIC -m64 -pthread -Wl,--no-gc-sections -fmessage-length=0 -ffile-prefix-map=$WORK/b001=/tmp/go-build -gno-record-gcc-switches -o $WORK/b001/_cgo_.o $WORK/b001/_cgo_main.o $WORK/b001/_x001.o $WORK/b001/_x002.o -O2 -g
TERM='dumb' /usr/local/go/pkg/tool/linux_amd64/cgo -dynpackage main -dynimport $WORK/b001/_cgo_.o -dynout $WORK/b001/_cgo_import.go
cat >/tmp/go-build4078099085/b001/importcfg << 'EOF' # internal
# import config
packagefile runtime/cgo=/tmp/go-build4078099085/b003/_pkg_.a
packagefile syscall=/tmp/go-build4078099085/b025/_pkg_.a
packagefile runtime=/tmp/go-build4078099085/b009/_pkg_.a
EOF
/usr/local/go/pkg/tool/linux_amd64/compile -o $WORK/b001/_pkg_.a -trimpath "$WORK/b001=>" -p main -lang=go1.23 -buildid Ai35ZsHu-kp_ocNUF6HT/Ai35ZsHu-kp_ocNUF6HT -goversion go1.23.4 -c=4 -nolocalimports -importcfg $WORK/b001/importcfg -pack $WORK/b001/_cgo_gotypes.go $WORK/b001/main.cgo1.go $WORK/b001/_cgo_import.go
/usr/local/go/pkg/tool/linux_amd64/pack r $WORK/b001/_pkg_.a $WORK/b001/_x001.o $WORK/b001/_x002.o # internal
/usr/local/go/pkg/tool/linux_amd64/buildid -w $WORK/b001/_pkg_.a # internal
cp $WORK/b001/_pkg_.a /root/.cache/go-build/29/293814e95fcee7cf5f32f88ab57a82b45550a653458cc72d711e571ef99d49c4-d # internal
cat >/tmp/go-build4078099085/b001/importcfg.link << 'EOF' # internal
packagefile command-line-arguments=/tmp/go-build4078099085/b001/_pkg_.a
packagefile runtime/cgo=/tmp/go-build4078099085/b003/_pkg_.a
packagefile syscall=/tmp/go-build4078099085/b025/_pkg_.a
packagefile runtime=/tmp/go-build4078099085/b009/_pkg_.a
packagefile runtime/internal/sys=/tmp/go-build4078099085/b004/_pkg_.a
packagefile sync=/tmp/go-build4078099085/b007/_pkg_.a
packagefile sync/atomic=/tmp/go-build4078099085/b024/_pkg_.a
packagefile errors=/tmp/go-build4078099085/b026/_pkg_.a
packagefile internal/asan=/tmp/go-build4078099085/b029/_pkg_.a
packagefile internal/bytealg=/tmp/go-build4078099085/b011/_pkg_.a
packagefile internal/byteorder=/tmp/go-build4078099085/b014/_pkg_.a
packagefile internal/goarch=/tmp/go-build4078099085/b005/_pkg_.a
packagefile internal/itoa=/tmp/go-build4078099085/b030/_pkg_.a
packagefile internal/msan=/tmp/go-build4078099085/b031/_pkg_.a
packagefile internal/oserror=/tmp/go-build4078099085/b032/_pkg_.a
packagefile internal/race=/tmp/go-build4078099085/b008/_pkg_.a
packagefile internal/runtime/syscall=/tmp/go-build4078099085/b021/_pkg_.a
packagefile internal/abi=/tmp/go-build4078099085/b010/_pkg_.a
packagefile internal/chacha8rand=/tmp/go-build4078099085/b013/_pkg_.a
packagefile internal/coverage/rtcov=/tmp/go-build4078099085/b015/_pkg_.a
packagefile internal/cpu=/tmp/go-build4078099085/b012/_pkg_.a
packagefile internal/godebugs=/tmp/go-build4078099085/b016/_pkg_.a
packagefile internal/goexperiment=/tmp/go-build4078099085/b017/_pkg_.a
packagefile internal/goos=/tmp/go-build4078099085/b006/_pkg_.a
packagefile internal/profilerecord=/tmp/go-build4078099085/b018/_pkg_.a
packagefile internal/runtime/atomic=/tmp/go-build4078099085/b019/_pkg_.a
packagefile internal/runtime/exithook=/tmp/go-build4078099085/b020/_pkg_.a
packagefile internal/stringslite=/tmp/go-build4078099085/b022/_pkg_.a
packagefile runtime/internal/math=/tmp/go-build4078099085/b023/_pkg_.a
packagefile internal/reflectlite=/tmp/go-build4078099085/b027/_pkg_.a
packagefile internal/unsafeheader=/tmp/go-build4078099085/b028/_pkg_.a
modinfo "0w\xaf\f\x92t\b\x02A\xe1\xc1\a\xe6\xd6\x18\xe6path\tcommand-line-arguments\nbuild\t-buildmode=exe\nbuild\t-compiler=gc\nbuild\t-ldflags=\"-linkmode external -extldflags -static\"\nbuild\tDefaultGODEBUG=asynctimerchan=1,gotypesalias=0,httplaxcontentlength=1,httpmuxgo121=1,httpservecontentkeepheaders=1,netedns0=0,panicnil=1,tls10server=1,tls3des=1,tlskyber=0,tlsrsakex=1,tlsunsafeekm=1,winreadlinkvolume=0,winsymlink=0,x509keypairleaf=0,x509negativeserial=1\nbuild\tCGO_ENABLED=1\nbuild\tCGO_CFLAGS=\nbuild\tCGO_CPPFLAGS=\nbuild\tCGO_CXXFLAGS=\nbuild\tCGO_LDFLAGS=\nbuild\tGOARCH=amd64\nbuild\tGOOS=linux\nbuild\tGOAMD64=v1\n\xf92C1\x86\x18 r\x00\x82B\x10A\x16\xd8\xf2"
EOF
mkdir -p $WORK/b001/exe/
cd .
GOROOT='/usr/local/go' /usr/local/go/pkg/tool/linux_amd64/link -o $WORK/b001/exe/a.out -importcfg $WORK/b001/importcfg.link -X=runtime.godebugDefault=asynctimerchan=1,gotypesalias=0,httplaxcontentlength=1,httpmuxgo121=1,httpservecontentkeepheaders=1,netedns0=0,panicnil=1,tls10server=1,tls3des=1,tlskyber=0,tlsrsakex=1,tlsunsafeekm=1,winreadlinkvolume=0,winsymlink=0,x509keypairleaf=0,x509negativeserial=1 -buildmode=exe -buildid=nY2oVL6CJ49WpLULb5dL/Ai35ZsHu-kp_ocNUF6HT/a8Og90nLPDq17dYZTn4V/nY2oVL6CJ49WpLULb5dL -linkmode external -extldflags -static -extld=gcc $WORK/b001/_pkg_.a
/usr/local/go/pkg/tool/linux_amd64/buildid -w $WORK/b001/exe/a.out # internal
cp $WORK/b001/exe/a.out main
